<?xml version="1.0" encoding="UTF-8"?>
<!-- Generated by org.testng.reporters.JUnitReportReporter -->
<testsuite hostname="USHYDVGARIMELL6" failures="0" tests="1" name="lilly.regression.Regression_Suite" time="255.806" errors="0" timestamp="22 Feb 2018 14:25:47 GMT">
  <testcase classname="lilly.regression.Regression_Suite" name="AEPC_Creation" time="255.806"/>
</testsuite> <!-- lilly.regression.Regression_Suite -->
