<?xml version="1.0" encoding="UTF-8"?>
<!-- Generated by org.testng.reporters.JUnitReportReporter -->
<testsuite hostname="USHYDVGARIMELL6" failures="0" tests="1" name="com.devOps_Test.DevOps_Selenium" time="32.597" errors="0" timestamp="1 Mar 2018 08:55:02 GMT">
  <testcase classname="com.devOps_Test.DevOps_Selenium" name="Test_DevOps" time="32.597"/>
</testsuite> <!-- com.devOps_Test.DevOps_Selenium -->
