<?xml version="1.0" encoding="UTF-8"?>
<!-- Generated by org.testng.reporters.JUnitReportReporter -->
<testsuite hostname="USHYDVGARIMELL6" failures="0" tests="1" name="lilly.regression.Regression_Suite" time="254.253" errors="0" timestamp="28 Feb 2018 12:55:18 GMT">
  <testcase classname="lilly.regression.Regression_Suite" name="AEPC_Creation" time="254.253"/>
</testsuite> <!-- lilly.regression.Regression_Suite -->
