<?xml version="1.0" encoding="UTF-8"?>
<!-- Generated by org.testng.reporters.JUnitReportReporter -->
<testsuite hostname="USHYDVGARIMELL6" failures="0" tests="1" name="Regression.Regression" time="42.839" errors="0" timestamp="3 Feb 2018 12:56:40 GMT">
  <testcase classname="Regression.Regression" name="AEPC" time="42.839"/>
</testsuite> <!-- Regression.Regression -->
