<?xml version="1.0" encoding="UTF-8"?>
<!-- Generated by org.testng.reporters.JUnitReportReporter -->
<testsuite hostname="USHYDAMAKKENA7" name="com.axa.testscripts.AXA_PartnerSelection_Test" tests="1" failures="0" timestamp="12 Feb 2020 13:19:24 GMT" time="41.940" errors="0">
  <testcase name="partner_selection" time="41.940" classname="com.axa.testscripts.AXA_PartnerSelection_Test"/>
</testsuite> <!-- com.axa.testscripts.AXA_PartnerSelection_Test -->
