<?xml version="1.0" encoding="UTF-8"?>
<!-- Generated by org.testng.reporters.JUnitReportReporter -->
<testsuite skipped="0" hostname="AshokM" name="com.learningmate.dedge.script.UniversalHomePage" tests="1" failures="0" timestamp="16 Aug 2017 10:57:32 GMT" time="68.586" errors="0">
  <testcase name="testUniversalhomePage" time="68.586" classname="com.learningmate.dedge.script.UniversalHomePage"/>
</testsuite> <!-- com.learningmate.dedge.script.UniversalHomePage -->
