<?xml version="1.0" encoding="UTF-8"?>
<!-- Generated by org.testng.reporters.JUnitReportReporter -->
<testsuite hostname="USHYDAMAKKENA7" name="com.axa.Sample.AssignmentsTest" tests="1" failures="0" timestamp="31 Jan 2020 13:49:30 GMT" time="3.519" errors="0">
  <testcase name="assignmentsValidation" time="3.519" classname="com.axa.Sample.AssignmentsTest"/>
</testsuite> <!-- com.axa.Sample.AssignmentsTest -->
