<?xml version="1.0" encoding="UTF-8"?>
<!-- Generated by org.testng.reporters.JUnitReportReporter -->
<testsuite skipped="0" hostname="AshokM" name="com.learningmate.dedge.script.AssignmentsTest" tests="1" failures="0" timestamp="16 Aug 2017 10:57:32 GMT" time="649.175" errors="0">
  <testcase name="assignmentsValidation" time="649.175" classname="com.learningmate.dedge.script.AssignmentsTest"/>
</testsuite> <!-- com.learningmate.dedge.script.AssignmentsTest -->
