<?xml version="1.0" encoding="UTF-8"?>
<!-- Generated by org.testng.reporters.JUnitReportReporter -->
<testsuite hostname="USHYDAMAKKENA7" name="com.axa.Sample.UnenrollmentTest" tests="1" failures="0" timestamp="31 Jan 2020 13:49:30 GMT" time="1.056" errors="0">
  <testcase name="testUnenrollment" time="1.056" classname="com.axa.Sample.UnenrollmentTest"/>
</testsuite> <!-- com.axa.Sample.UnenrollmentTest -->
