<?xml version="1.0" encoding="UTF-8"?>
<!-- Generated by org.testng.reporters.JUnitReportReporter -->
<testsuite hostname="USHYDAMAKKENA7" name="com.axa.Sample.UniversalHomePage" tests="1" failures="0" timestamp="31 Jan 2020 13:49:30 GMT" time="96.244" errors="0">
  <testcase name="testUniversalhomePage" time="96.244" classname="com.axa.Sample.UniversalHomePage"/>
</testsuite> <!-- com.axa.Sample.UniversalHomePage -->
