<?xml version="1.0" encoding="UTF-8"?>
<!-- Generated by org.testng.reporters.JUnitReportReporter -->
<testsuite hostname="USHYDAMAKKENA7" name="com.axa.testscripts.NewLoginTest" tests="1" failures="0" timestamp="30 Jan 2020 19:44:47 GMT" time="11.249" errors="0">
  <testcase name="f" time="11.249" classname="com.axa.testscripts.NewLoginTest"/>
</testsuite> <!-- com.axa.testscripts.NewLoginTest -->
