<?xml version="1.0" encoding="UTF-8"?>
<!-- Generated by org.testng.reporters.JUnitReportReporter -->
<testsuite hostname="USHYDAMAKKENA7" name="com.axa.testscripts.Case_Emergency_Motor_Test" tests="1" failures="0" timestamp="4 Feb 2020 09:27:58 GMT" time="86.586" errors="0">
  <testcase name="partner_selection" time="86.586" classname="com.axa.testscripts.Case_Emergency_Motor_Test"/>
</testsuite> <!-- com.axa.testscripts.Case_Emergency_Motor_Test -->
