<?xml version="1.0" encoding="UTF-8"?>
<!-- Generated by org.testng.reporters.JUnitReportReporter -->
<testsuite skipped="0" hostname="AshokM" name="com.learningmate.dedge.script.ClassSetup" tests="1" failures="0" timestamp="16 Aug 2017 10:57:32 GMT" time="93.463" errors="0">
  <testcase name="testCreateClassActivity" time="93.463" classname="com.learningmate.dedge.script.ClassSetup"/>
</testsuite> <!-- com.learningmate.dedge.script.ClassSetup -->
