<?xml version="1.0" encoding="UTF-8"?>
<!-- Generated by org.testng.reporters.JUnitReportReporter -->
<testsuite skipped="0" hostname="AshokM" name="com.learningmate.dedge.script.RegistrationPage" tests="1" failures="0" timestamp="02 Aug 2017 14:05:26 GMT" time="340.497" errors="0">
  <testcase name="testRegistration" time="340.497" classname="com.learningmate.dedge.script.RegistrationPage"/>
</testsuite> <!-- com.learningmate.dedge.script.RegistrationPage -->
