<?xml version="1.0" encoding="UTF-8"?>
<!-- Generated by org.testng.reporters.JUnitReportReporter -->
<testsuite hostname="USHYDAMAKKENA7" name="com.axa.testscripts.VerifyPolicySnapshat" tests="1" failures="0" timestamp="12 Feb 2020 02:41:53 GMT" time="34.821" errors="0">
  <testcase name="verifyPolicySnapshotoncase" time="34.821" classname="com.axa.testscripts.VerifyPolicySnapshat"/>
</testsuite> <!-- com.axa.testscripts.VerifyPolicySnapshat -->
