<?xml version="1.0" encoding="UTF-8"?>
<!-- Generated by org.testng.reporters.JUnitReportReporter -->
<testsuite hostname="USHYDAMAKKENA7" name="com.axa.Sample.ClassSetup" tests="1" failures="0" timestamp="31 Jan 2020 13:49:30 GMT" time="0.008" errors="0">
  <testcase name="testCreateClassActivity" time="0.008" classname="com.axa.Sample.ClassSetup"/>
</testsuite> <!-- com.axa.Sample.ClassSetup -->
