<?xml version="1.0" encoding="UTF-8"?>
<!-- Generated by org.testng.reporters.JUnitReportReporter -->
<testsuite hostname="USHYDAMAKKENA7" name="com.axa.Sample.SuccessLevelGoal" tests="1" failures="0" timestamp="31 Jan 2020 13:49:30 GMT" time="0.007" errors="0">
  <testcase name="successLevelGoalFunctionalities" time="0.007" classname="com.axa.Sample.SuccessLevelGoal"/>
</testsuite> <!-- com.axa.Sample.SuccessLevelGoal -->
