<?xml version="1.0" encoding="UTF-8"?>
<!-- Generated by org.testng.reporters.JUnitReportReporter -->
<testsuite skipped="0" hostname="AshokM" name="com.learningmate.dedge.script.TestBank" tests="1" failures="0" timestamp="20 Apr 2017 15:30:57 GMT" time="13.221" errors="0">
  <testcase name="testBankManagement" time="13.221" classname="com.learningmate.dedge.script.TestBank"/>
</testsuite> <!-- com.learningmate.dedge.script.TestBank -->
