<?xml version="1.0" encoding="UTF-8"?>
<!-- Generated by org.testng.reporters.JUnitReportReporter -->
<testsuite hostname="USHYDAMAKKENA7" name="com.axa.testscripts.PatientEnrollentTest" tests="1" failures="0" timestamp="13 Feb 2020 07:41:07 GMT" time="62.222" errors="0">
  <testcase name="f" time="62.222" classname="com.axa.testscripts.PatientEnrollentTest"/>
</testsuite> <!-- com.axa.testscripts.PatientEnrollentTest -->
